<?xml version="1.0" encoding="UTF-8"?>
<!-- Generated by org.testng.reporters.JUnitXMLReporter -->
<testsuite ignored="0" hostname="DELL-C0HKRC2" failures="0" tests="8" name="Default test" time="27.715" errors="0" timestamp="2022-01-03T20:32:25 ART">
  <testcase classname="pruebas.Laboratorio4_E2" name="login" time="3.97"/>
  <testcase classname="pruebas.Laboratorio4_E2" name="login" time="3.032"/>
  <testcase classname="pruebas.Laboratorio4_E2" name="login" time="3.072"/>
  <testcase classname="pruebas.Laboratorio4_E2" name="login" time="3.653"/>
  <testcase classname="pruebas.Laboratorio4_E2" name="login" time="3.094"/>
  <testcase classname="pruebas.Laboratorio4_E2" name="login" time="2.984"/>
  <testcase classname="pruebas.Laboratorio4_E2" name="login" time="3.036"/>
  <testcase classname="pruebas.Laboratorio4_E2" name="login" time="3.441"/>
</testsuite> <!-- Default test -->
