<?xml version="1.0" encoding="UTF-8"?>
<!-- Generated by org.testng.reporters.JUnitXMLReporter -->
<testsuite ignored="0" hostname="DELL-C0HKRC2" failures="0" tests="5" name="Test" time="19.498" errors="0" timestamp="2022-01-03T20:36:34 ART">
  <testcase classname="pruebas.Laboratorio4_E2" name="login" time="3.726"/>
  <testcase classname="pruebas.Laboratorio4_E2" name="login" time="3.764"/>
  <testcase classname="pruebas.Laboratorio4_E2" name="login" time="3.195"/>
  <testcase classname="pruebas.Laboratorio4_E2" name="login" time="4.139"/>
  <testcase classname="pruebas.Laboratorio4_E2" name="login" time="3.141"/>
</testsuite> <!-- Test -->
